Arguments: 
  /Users/longtran/.nvm/versions/node/v16.17.1/bin/node /Users/longtran/.nvm/versions/node/v16.17.1/bin/yarn

PATH: 
  /Users/longtran/.nvm/versions/node/v16.17.1/bin:/Users/longtran/.npm-packages/bin:/Users/longtran/.npm-packages/bin:/Users/longtran/go/bin:/opt/homebrew/bin:/opt/homebrew/sbin:/usr/local/bin:/usr/bin:/bin:/usr/sbin:/sbin:/usr/local/go/bin:/Library/Apple/usr/bin:/Users/longtran/Library/Android/sdk/emulator:/Users/longtran/Library/Android/sdk/platform-tools:/Users/longtran/.yarn/bin

Yarn version: 
  1.22.19

Node version: 
  16.17.1

Platform: 
  darwin arm64

Trace: 
  SyntaxError: /Users/longtran/WorkSpace/npm/react-global-loading/package.json: Unexpected token / in JSON at position 645
      at JSON.parse (<anonymous>)
      at /Users/longtran/.nvm/versions/node/v16.17.1/lib/node_modules/yarn/lib/cli.js:1629:59
      at Generator.next (<anonymous>)
      at step (/Users/longtran/.nvm/versions/node/v16.17.1/lib/node_modules/yarn/lib/cli.js:310:30)
      at /Users/longtran/.nvm/versions/node/v16.17.1/lib/node_modules/yarn/lib/cli.js:321:13

npm manifest: 
  {
    "name": "react-global-loading",
    "version": "1.0.0",
    "description": "Global loading screen for React",
    "main": "src/index.ts",
    "scripts": {
      "build": "rm -rf dist/ && npm run build:esm && npm run build:cjs",
      "build:esm": "tsc",
      "build:cjs": "tsc --module CommonJS --outDir dist/cjs"
    },
    "repository": {
      "type": "git",
      "url": "git+https://github.com/timeturnback/react-global-loading.git"
    },
    "keywords": [
      "react",
      "loading"
    ],
    "author": "Redclouds",
    "license": "MIT",
    "devDependencies": {
      "@types/node": "^17.0.21",
      "@types/react": "^17.0.37",
      "@types/react-dom": "^17.0.11",
      // "react": "^17.0.2",
      // "react-dom": "^17.0.2",
      "typescript": "^4.5.2"
    },
    "peerDependencies": {
      "react": "^17.0.1",
      "react-dom": "^17.0.1"
    },
    "bugs": {
      "url": "https://github.com/timeturnback/react-global-loading/issues"
    },
    "homepage": "https://github.com/timeturnback/react-global-loading#readme"
  }

yarn manifest: 
  No manifest

Lockfile: 
  # THIS IS AN AUTOGENERATED FILE. DO NOT EDIT THIS FILE DIRECTLY.
  # yarn lockfile v1
  
  
  "@types/node@^17.0.21":
    version "17.0.45"
    resolved "https://registry.yarnpkg.com/@types/node/-/node-17.0.45.tgz#2c0fafd78705e7a18b7906b5201a522719dc5190"
    integrity sha512-w+tIMs3rq2afQdsPJlODhoUEKzFP1ayaoyl1CcnwtIlsVe7K7bA1NGm4s3PraqTLlXnbIN84zuBlxBWo1u9BLw==
  
  "@types/prop-types@*":
    version "15.7.5"
    resolved "https://registry.yarnpkg.com/@types/prop-types/-/prop-types-15.7.5.tgz#5f19d2b85a98e9558036f6a3cacc8819420f05cf"
    integrity sha512-JCB8C6SnDoQf0cNycqd/35A7MjcnK+ZTqE7judS6o7utxUCg6imJg3QK2qzHKszlTjcj2cn+NwMB2i96ubpj7w==
  
  "@types/react-dom@^17.0.11":
    version "17.0.18"
    resolved "https://registry.yarnpkg.com/@types/react-dom/-/react-dom-17.0.18.tgz#8f7af38f5d9b42f79162eea7492e5a1caff70dc2"
    integrity sha512-rLVtIfbwyur2iFKykP2w0pl/1unw26b5td16d5xMgp7/yjTHomkyxPYChFoCr/FtEX1lN9wY6lFj1qvKdS5kDw==
    dependencies:
      "@types/react" "^17"
  
  "@types/react@^17", "@types/react@^17.0.37":
    version "17.0.52"
    resolved "https://registry.yarnpkg.com/@types/react/-/react-17.0.52.tgz#10d8b907b5c563ac014a541f289ae8eaa9bf2e9b"
    integrity sha512-vwk8QqVODi0VaZZpDXQCmEmiOuyjEFPY7Ttaw5vjM112LOq37yz1CDJGrRJwA1fYEq4Iitd5rnjd1yWAc/bT+A==
    dependencies:
      "@types/prop-types" "*"
      "@types/scheduler" "*"
      csstype "^3.0.2"
  
  "@types/scheduler@*":
    version "0.16.2"
    resolved "https://registry.yarnpkg.com/@types/scheduler/-/scheduler-0.16.2.tgz#1a62f89525723dde24ba1b01b092bf5df8ad4d39"
    integrity sha512-hppQEBDmlwhFAXKJX2KnWLYu5yMfi91yazPb2l+lbJiwW+wdo1gNeRA+3RgNSO39WYX2euey41KEwnqesU2Jew==
  
  csstype@^3.0.2:
    version "3.1.1"
    resolved "https://registry.yarnpkg.com/csstype/-/csstype-3.1.1.tgz#841b532c45c758ee546a11d5bd7b7b473c8c30b9"
    integrity sha512-DJR/VvkAvSZW9bTouZue2sSxDwdTN92uHjqeKVm+0dAqdfNykRzQ95tay8aXMBAAPpUiq4Qcug2L7neoRh2Egw==
  
  "js-tokens@^3.0.0 || ^4.0.0":
    version "4.0.0"
    resolved "https://registry.yarnpkg.com/js-tokens/-/js-tokens-4.0.0.tgz#19203fb59991df98e3a287050d4647cdeaf32499"
    integrity sha512-RdJUflcE3cUzKiMqQgsCu06FPu9UdIJO0beYbPhHN4k6apgJtifcoCtT9bcxOpYBtpD2kCM6Sbzg4CausW/PKQ==
  
  loose-envify@^1.1.0:
    version "1.4.0"
    resolved "https://registry.yarnpkg.com/loose-envify/-/loose-envify-1.4.0.tgz#71ee51fa7be4caec1a63839f7e682d8132d30caf"
    integrity sha512-lyuxPGr/Wfhrlem2CL/UcnUc1zcqKAImBDzukY7Y5F/yQiNdko6+fRLevlw1HgMySw7f611UIY408EtxRSoK3Q==
    dependencies:
      js-tokens "^3.0.0 || ^4.0.0"
  
  object-assign@^4.1.1:
    version "4.1.1"
    resolved "https://registry.yarnpkg.com/object-assign/-/object-assign-4.1.1.tgz#2109adc7965887cfc05cbbd442cac8bfbb360863"
    integrity sha512-rJgTQnkUnH1sFw8yT6VSU3zD3sWmu6sZhIseY8VX+GRu3P6F7Fu+JNDoXfklElbLJSnc3FUQHVe4cU5hj+BcUg==
  
  react-dom@^17.0.2:
    version "17.0.2"
    resolved "https://registry.yarnpkg.com/react-dom/-/react-dom-17.0.2.tgz#ecffb6845e3ad8dbfcdc498f0d0a939736502c23"
    integrity sha512-s4h96KtLDUQlsENhMn1ar8t2bEa+q/YAtj8pPPdIjPDGBDIVNsrD9aXNWqspUe6AzKCIG0C1HZZLqLV7qpOBGA==
    dependencies:
      loose-envify "^1.1.0"
      object-assign "^4.1.1"
      scheduler "^0.20.2"
  
  react@^17.0.2:
    version "17.0.2"
    resolved "https://registry.yarnpkg.com/react/-/react-17.0.2.tgz#d0b5cc516d29eb3eee383f75b62864cfb6800037"
    integrity sha512-gnhPt75i/dq/z3/6q/0asP78D0u592D5L1pd7M8P+dck6Fu/jJeL6iVVK23fptSUZj8Vjf++7wXA8UNclGQcbA==
    dependencies:
      loose-envify "^1.1.0"
      object-assign "^4.1.1"
  
  scheduler@^0.20.2:
    version "0.20.2"
    resolved "https://registry.yarnpkg.com/scheduler/-/scheduler-0.20.2.tgz#4baee39436e34aa93b4874bddcbf0fe8b8b50e91"
    integrity sha512-2eWfGgAqqWFGqtdMmcL5zCMK1U8KlXv8SQFGglL3CEtd0aDVDWgeF/YoCmvln55m5zSk3J/20hTaSBeSObsQDQ==
    dependencies:
      loose-envify "^1.1.0"
      object-assign "^4.1.1"
  
  typescript@^4.5.2:
    version "4.9.4"
    resolved "https://registry.yarnpkg.com/typescript/-/typescript-4.9.4.tgz#a2a3d2756c079abda241d75f149df9d561091e78"
    integrity sha512-Uz+dTXYzxXXbsFpM86Wh3dKCxrQqUcVMxwU54orwlJjOpO3ao8L7j5lH+dWfTwgCwIuM9GQ2kvVotzYJMXTBZg==
